<?xml version="1.0" encoding="UTF-8"?>
<testng-results skipped="0" failed="0" ignored="0" total="1" passed="1">
  <reporter-output>
  </reporter-output>
  <suite name="Default suite" duration-ms="29364" started-at="2020-11-09T16:50:31 IST" finished-at="2020-11-09T16:51:00 IST">
    <groups>
    </groups>
    <test name="Default test" duration-ms="29364" started-at="2020-11-09T16:50:31 IST" finished-at="2020-11-09T16:51:00 IST">
      <class name="test.Demo">
        <test-method status="PASS" signature="beforeTest()[pri:0, instance:test.Demo@2a17b7b6]" name="beforeTest" is-config="true" duration-ms="7647" started-at="2020-11-09T16:50:31 IST" finished-at="2020-11-09T16:50:39 IST">
          <reporter-output>
          </reporter-output>
        </test-method> <!-- beforeTest -->
        <test-method status="PASS" signature="f(java.lang.String, java.lang.String)[pri:0, instance:test.Demo@2a17b7b6]" name="f" duration-ms="21634" started-at="2020-11-09T16:50:39 IST" data-provider="dp" finished-at="2020-11-09T16:51:00 IST">
          <params>
            <param index="0">
              <value>
                <![CDATA[admin]]>
              </value>
            </param>
            <param index="1">
              <value>
                <![CDATA[admin123]]>
              </value>
            </param>
          </params>
          <reporter-output>
          </reporter-output>
        </test-method> <!-- f -->
        <test-method status="PASS" signature="afterTest()[pri:0, instance:test.Demo@2a17b7b6]" name="afterTest" is-config="true" duration-ms="59" started-at="2020-11-09T16:51:00 IST" finished-at="2020-11-09T16:51:00 IST">
          <reporter-output>
          </reporter-output>
        </test-method> <!-- afterTest -->
      </class> <!-- test.Demo -->
    </test> <!-- Default test -->
  </suite> <!-- Default suite -->
</testng-results>
